[0m[1mdata.kustomization_build.admission_webhook: Reading...[0m[0m
[0m[1mdata.kustomization_build.istio_crds: Reading...[0m[0m
[0m[1mdata.kustomization_build.istio_install: Reading...[0m[0m
[0m[1mdata.kustomization_build.profiles_kfam: Reading...[0m[0m
[0m[1mdata.kustomization_build.kubeflow_istio_resources: Reading...[0m[0m
[0m[1mdata.kustomization_build.jupyter_web_app: Reading...[0m[0m
[0m[1mdata.kustomization_build.istio_namespace: Reading...[0m[0m
[0m[1mdata.kustomization_build.oidc_authservice: Reading...[0m[0m
[0m[1mdata.kustomization_build.kubeflow_issuer: Reading...[0m[0m
[0m[1mdata.kustomization_build.notebook_controller: Reading...[0m[0m
[0m[1mdata.kustomization_build.istio_install: Read complete after 0s [id=5b989c5f199272bdba9a9b81d0085056f45e3ddd895fb8462e8443ab392554371462f24da5409c61a9c16ed85da5e74ce87a2a491144579cbc97db20f55e76bb][0m
[0m[1mdata.kustomization_build.volumes_web_app: Reading...[0m[0m
[0m[1mdata.kustomization_build.kubeflow_issuer: Read complete after 1s [id=e2603007c07c2445956fd1f2f7054c3b2945d246e7c471f88cb1c54f1c434a89ba865c28eeed2e69f89021103c1e07f8afd6606e5850f6a0c530ac4480e0e90d][0m
[0m[1mdata.kustomization_build.pvc_viewer_controller: Reading...[0m[0m
[0m[1mdata.kustomization_build.admission_webhook: Read complete after 1s [id=904886c0702874e2a944eae805746bb9a65592432da535c0afe656905301bbf8b70cd522763f3ba7fe3d201775bd795466731ade0b1428902b99750c04418760][0m
[0m[1mdata.kustomization_build.kubeflow_roles: Reading...[0m[0m
[0m[1mdata.kustomization_build.kubeflow_istio_resources: Read complete after 1s [id=b77d0a996b3896d1c1e65277e23880f542bb981078a1df2caf583eae845ea7a3836c41f42a66e2b7e8b182c0aaeb73dbdc73e9834dcf93dd9401ed4af65ba386][0m
[0m[1mdata.kustomization_build.profiles_kfam: Read complete after 1s [id=120fd6f0a804d59cae76d7451b4866ce002d7308a1294e88495986a04d7131ff88922a51c72cc1b5b55756959149cd353a07e1de182b1e2f141db50bcdcef7d9][0m
[0m[1mdata.kustomization_build.dex: Reading...[0m[0m
[0m[1mdata.kustomization_build.cert_manager: Reading...[0m[0m
[0m[1mdata.kustomization_build.kubeflow_roles: Read complete after 0s [id=09e54b2581902286b5470f187077132e2bc8790e7d4ca613a726bcd5bd8879b1640346b6755f8491f4c5960859b5fb34f2332a6055feb6d9a6d54b395e1d8004][0m
[0m[1mdata.kustomization_build.central_dashboard: Reading...[0m[0m
[0m[1mdata.kustomization_build.oidc_authservice: Read complete after 1s [id=9a1b62e53b16aae12558190ce4b8bd9f345baaf0078440dc911fe316e11a6cb987e495fba6c3360607f48ec866fe6845c33ae72753c20b625dd8f80055f82e30][0m
[0m[1mdata.kustomization_build.kubeflow_namespace: Reading...[0m[0m
[0m[1mdata.kustomization_build.istio_namespace: Read complete after 1s [id=7b7c702e4fdabcf0cbac57685bc580c762e2a02c1087fe66cac905ec7bdc95448270a6352ebfab0a0561702424be70a7c8192cc976c5184ab3dcbfe7d269d5c4][0m
[0m[1mdata.kustomization_build.jupyter_web_app: Read complete after 1s [id=920b4a8483fc8d308fa687c1f84147debf394c5510d67fde2f24bc9183bdeea33d39dd00830e341f73819c4a6ba17d9015f827bf2147435539fa14ab0ed2ae5c][0m
[0m[1mdata.kustomization_build.istio_crds: Read complete after 1s [id=d1afa3ab6ea3ab9d7c9a966c728120185f7785b5629e14200fdcc890f53a3a9e3a87a5f443ebe3c809507fee177e3c3a7b8a8eb28a927c2a24a8d2c88fb6fcc8][0m
[0m[1mdata.kustomization_build.volumes_web_app: Read complete after 1s [id=4c7fba2c70021d2e6dfc346466c5c1883cda86bbb2470cf9c4267effc46905de2f285b5b67917dc7c4365dbeb9a37d57af5fe308d1ae40c404d98458078e8bc8][0m
[0m[1mdata.kustomization_build.dex: Read complete after 0s [id=e501719188ed534c6f597f9cdfc0d4bb4f84ab15977ad0119365433419a7246e24f5d6f9973355cc51d7e8ff9489f4a52ad2a04e6d2131b4b3544779b4db98d8][0m
[0m[1mdata.kustomization_build.pvc_viewer_controller: Read complete after 0s [id=68dbfd55e1bdb3b0d8a5a295e04b0577fbfe065f10df0f5ea5853cca44d386f8f5c047561fcc2041fdbc99136ecc9ed027af596f8e6bfff558578da4b65f12f8][0m
[0m[1mdata.kustomization_build.notebook_controller: Read complete after 1s [id=410343f255dca171c560360868aef86fad91ed5beeb9e5e76612e53badfffa499d73366e23a676d7658a48b83efcb09ee79d121f74cbd5afe1cd290fec7644e8][0m
[0m[1mdata.kustomization_build.kubeflow_namespace: Read complete after 0s [id=196d43690df7c818f49d94a90c334165379a53ef4e518409c664d426240fd2ba729a2a21d9b67a5339a2f654ac4ec7fa9633dd93a033d806ff081024b036f696][0m
[0m[1mdata.kustomization_build.central_dashboard: Read complete after 0s [id=52a98a3a4ae4c0c4c15e12ff1859ae88ac06f19028def9778a69d211b49bdb7a259a0b20e84082da598e2f313e04581f028cc7960777c2a1da123a4665e7de1c][0m
[0m[1mdata.kustomization_build.cert_manager: Read complete after 0s [id=3395fcdc8dfab5715dedcce04cfc19ab4eb5998c9015e9438e034c46926702f8e4fcb85459aab22839705e5efbd98e21b829472618c3ba2d2e2bddadb0fe6c6f][0m
[0m[1mmodule.cert_manager.kustomization_resource.p0["apiextensions.k8s.io/CustomResourceDefinition/_/orders.acme.cert-manager.io"]: Refreshing state... [id=cdcba8ff-4f75-4360-b808-9504265702aa][0m
[0m[1mmodule.cert_manager.kustomization_resource.p0["_/Namespace/_/cert-manager"]: Refreshing state... [id=9ab7b0e9-6ffd-407c-8c9a-46694700f565][0m
[0m[1mmodule.cert_manager.kustomization_resource.p0["apiextensions.k8s.io/CustomResourceDefinition/_/certificaterequests.cert-manager.io"]: Refreshing state... [id=d60e66bc-39a4-415e-842e-4261569d811a][0m
[0m[1mmodule.cert_manager.kustomization_resource.p0["apiextensions.k8s.io/CustomResourceDefinition/_/certificates.cert-manager.io"]: Refreshing state... [id=0a14b8f3-978c-454f-89fd-e6cb3021f583][0m
[0m[1mmodule.cert_manager.kustomization_resource.p0["apiextensions.k8s.io/CustomResourceDefinition/_/clusterissuers.cert-manager.io"]: Refreshing state... [id=b02a3b55-6127-4c2d-b513-3eed137799b0][0m
[0m[1mmodule.cert_manager.kustomization_resource.p0["apiextensions.k8s.io/CustomResourceDefinition/_/issuers.cert-manager.io"]: Refreshing state... [id=b55145c6-27fd-4c9b-92c3-103b460b79a6][0m
[0m[1mmodule.cert_manager.kustomization_resource.p0["apiextensions.k8s.io/CustomResourceDefinition/_/challenges.acme.cert-manager.io"]: Refreshing state... [id=224cf37d-47de-4312-a44c-0bfe8247a422][0m
[0m[1mmodule.cert_manager.kustomization_resource.p1["rbac.authorization.k8s.io/ClusterRole/_/cert-manager-controller-certificates"]: Refreshing state... [id=d1a7c0ba-59f5-4885-bea5-31171fb083a8][0m
[0m[1mmodule.cert_manager.kustomization_resource.p1["rbac.authorization.k8s.io/ClusterRole/_/cert-manager-controller-certificatesigningrequests"]: Refreshing state... [id=f40a9ce6-1c2b-4378-b8b6-8ff504dac762][0m
[0m[1mmodule.cert_manager.kustomization_resource.p1["rbac.authorization.k8s.io/ClusterRole/_/cert-manager-cainjector"]: Refreshing state... [id=2bd49c84-3f5e-418e-866c-24e7a284cc81][0m
[0m[1mmodule.cert_manager.kustomization_resource.p1["rbac.authorization.k8s.io/ClusterRoleBinding/_/cert-manager-webhook:subjectaccessreviews"]: Refreshing state... [id=7a230696-ac98-4bc1-99b3-cd18444ff3d3][0m
[0m[1mmodule.cert_manager.kustomization_resource.p1["rbac.authorization.k8s.io/Role/cert-manager/cert-manager-webhook:dynamic-serving"]: Refreshing state... [id=faf0aac0-9fd9-48a6-abea-8d537eedb7f0][0m
[0m[1mmodule.cert_manager.kustomization_resource.p1["rbac.authorization.k8s.io/ClusterRole/_/cert-manager-edit"]: Refreshing state... [id=f8c9f9f9-f105-4ad9-9d9b-a86dc988d41d][0m
[0m[1mmodule.cert_manager.kustomization_resource.p1["rbac.authorization.k8s.io/ClusterRole/_/cert-manager-controller-clusterissuers"]: Refreshing state... [id=018ad2dd-5aa1-4d7a-a38d-f3be8a2a8d6a][0m
[0m[1mmodule.cert_manager.kustomization_resource.p1["rbac.authorization.k8s.io/ClusterRole/_/cert-manager-view"]: Refreshing state... [id=e463264c-27f1-4b88-a7eb-b4302386534f][0m
[0m[1mmodule.cert_manager.kustomization_resource.p1["rbac.authorization.k8s.io/RoleBinding/kube-system/cert-manager-cainjector:leaderelection"]: Refreshing state... [id=2898f5cd-e54a-4b1a-8c6e-72121928f91c][0m
[0m[1mmodule.cert_manager.kustomization_resource.p1["rbac.authorization.k8s.io/ClusterRoleBinding/_/cert-manager-controller-approve:cert-manager-io"]: Refreshing state... [id=30d1bb9c-87fa-4f2d-971e-16f278b87002][0m
[0m[1mmodule.cert_manager.kustomization_resource.p1["rbac.authorization.k8s.io/ClusterRoleBinding/_/cert-manager-controller-orders"]: Refreshing state... [id=7b8b687c-0e0b-4e11-8423-5cc82f7366c5][0m
[0m[1mmodule.cert_manager.kustomization_resource.p1["rbac.authorization.k8s.io/ClusterRoleBinding/_/cert-manager-controller-issuers"]: Refreshing state... [id=49b9504d-12c9-47d5-b64e-dc2cd12cc094][0m
[0m[1mmodule.cert_manager.kustomization_resource.p1["rbac.authorization.k8s.io/ClusterRole/_/cert-manager-controller-challenges"]: Refreshing state... [id=13d60469-546e-49c0-9745-ed55b3536863][0m
[0m[1mmodule.cert_manager.kustomization_resource.p1["rbac.authorization.k8s.io/Role/kube-system/cert-manager-cainjector:leaderelection"]: Refreshing state... [id=6dbb49d4-82ae-4654-86bc-d98d0d9b4f7c][0m
[0m[1mmodule.cert_manager.kustomization_resource.p1["_/ServiceAccount/cert-manager/cert-manager-cainjector"]: Refreshing state... [id=866d249c-c767-492d-8579-154c2cd22eaa][0m
[0m[1mmodule.cert_manager.kustomization_resource.p1["apps/Deployment/cert-manager/cert-manager-cainjector"]: Refreshing state... [id=9feb481a-87a0-4f63-8b42-42dae8d084c5][0m
[0m[1mmodule.cert_manager.kustomization_resource.p1["rbac.authorization.k8s.io/ClusterRoleBinding/_/cert-manager-controller-clusterissuers"]: Refreshing state... [id=3313597c-20b5-4697-befc-c9247cbed2aa][0m
[0m[1mmodule.cert_manager.kustomization_resource.p1["rbac.authorization.k8s.io/ClusterRole/_/cert-manager-webhook:subjectaccessreviews"]: Refreshing state... [id=2307b9ad-c814-4e1d-b7bf-c036ba2e948a][0m
[0m[1mmodule.cert_manager.kustomization_resource.p1["apps/Deployment/cert-manager/cert-manager-webhook"]: Refreshing state... [id=2178fd46-874f-41ba-a4b2-6891dbd7e0fd][0m
[0m[1mmodule.cert_manager.kustomization_resource.p1["_/ServiceAccount/cert-manager/cert-manager"]: Refreshing state... [id=5640a9f8-d8fd-4b78-bc80-17f060cb69ff][0m
[0m[1mmodule.cert_manager.kustomization_resource.p1["rbac.authorization.k8s.io/ClusterRoleBinding/_/cert-manager-controller-certificates"]: Refreshing state... [id=c0c7aa48-105f-4494-b83d-087dc10cf692][0m
[0m[1mmodule.cert_manager.kustomization_resource.p1["rbac.authorization.k8s.io/Role/kube-system/cert-manager:leaderelection"]: Refreshing state... [id=848b5df8-336d-4bb2-8246-07f0cfac26c2][0m
[0m[1mmodule.cert_manager.kustomization_resource.p1["rbac.authorization.k8s.io/ClusterRoleBinding/_/cert-manager-cainjector"]: Refreshing state... [id=0657b8d4-ef52-4906-89ae-c2bb1f315dec][0m
[0m[1mmodule.cert_manager.kustomization_resource.p1["rbac.authorization.k8s.io/ClusterRoleBinding/_/cert-manager-controller-challenges"]: Refreshing state... [id=79d86732-d40d-4eac-8d6d-d010c0c72880][0m
[0m[1mmodule.cert_manager.kustomization_resource.p1["_/ConfigMap/cert-manager/cert-manager-webhook"]: Refreshing state... [id=4f5fb413-a030-4a2f-996a-89cffb5e6399][0m
[0m[1mmodule.cert_manager.kustomization_resource.p1["rbac.authorization.k8s.io/RoleBinding/kube-system/cert-manager:leaderelection"]: Refreshing state... [id=915185d6-f073-4599-a41a-7543d37eb803][0m
[0m[1mmodule.cert_manager.kustomization_resource.p1["rbac.authorization.k8s.io/ClusterRoleBinding/_/cert-manager-controller-ingress-shim"]: Refreshing state... [id=8337e926-eff2-417d-be69-d9348e4cfd00][0m
[0m[1mmodule.cert_manager.kustomization_resource.p1["rbac.authorization.k8s.io/RoleBinding/cert-manager/cert-manager-webhook:dynamic-serving"]: Refreshing state... [id=dfe1b354-3d3d-468b-aca7-64741ba95c6f][0m
[0m[1mmodule.cert_manager.kustomization_resource.p1["_/Service/cert-manager/cert-manager"]: Refreshing state... [id=454e589e-21be-48f6-b1d9-bbff719c19c6][0m
[0m[1mmodule.cert_manager.kustomization_resource.p1["_/Service/cert-manager/cert-manager-webhook"]: Refreshing state... [id=39b4cacd-6a22-4a5a-b951-5e96c234e83f][0m
[0m[1mmodule.cert_manager.kustomization_resource.p1["rbac.authorization.k8s.io/ClusterRole/_/cert-manager-controller-approve:cert-manager-io"]: Refreshing state... [id=223a37b3-b556-4739-9794-4eaa8118bb30][0m
[0m[1mmodule.cert_manager.kustomization_resource.p1["apps/Deployment/cert-manager/cert-manager"]: Refreshing state... [id=d9dc16c0-17ff-40e5-90fa-2402d28fcb4b][0m
[0m[1mmodule.cert_manager.kustomization_resource.p1["_/ServiceAccount/cert-manager/cert-manager-webhook"]: Refreshing state... [id=7561db51-35ba-4084-8da3-b971a636ed40][0m
[0m[1mmodule.cert_manager.kustomization_resource.p1["rbac.authorization.k8s.io/ClusterRole/_/cert-manager-controller-issuers"]: Refreshing state... [id=0c90700c-9613-4e87-b919-1b33faf0209c][0m
[0m[1mmodule.cert_manager.kustomization_resource.p1["rbac.authorization.k8s.io/ClusterRole/_/cert-manager-controller-orders"]: Refreshing state... [id=1d0f81c5-1d2a-4b71-bee6-1d84528ded24][0m
[0m[1mmodule.cert_manager.kustomization_resource.p1["rbac.authorization.k8s.io/ClusterRoleBinding/_/cert-manager-controller-certificatesigningrequests"]: Refreshing state... [id=3dc19b8b-f70f-4143-98f9-60abc7c7822f][0m
[0m[1mmodule.cert_manager.kustomization_resource.p1["rbac.authorization.k8s.io/ClusterRole/_/cert-manager-controller-ingress-shim"]: Refreshing state... [id=5fbde71d-66e9-49b6-893d-09fe8f691646][0m
[0m[1mmodule.cert_manager.kustomization_resource.p2["admissionregistration.k8s.io/MutatingWebhookConfiguration/_/cert-manager-webhook"]: Refreshing state... [id=b2f37362-e4a8-4b9d-a17d-7e63b77a92b4][0m
[0m[1mmodule.cert_manager.kustomization_resource.p2["admissionregistration.k8s.io/ValidatingWebhookConfiguration/_/cert-manager-webhook"]: Refreshing state... [id=922991ee-378b-4f06-87c5-e407109a9233][0m
[0m[1mmodule.kubeflow_issuer.kustomization_resource.p1["cert-manager.io/ClusterIssuer/_/kubeflow-self-signing-issuer"]: Refreshing state... [id=6f12edf9-8a89-4dbe-ae82-a92dd785ec20][0m
[0m[1mmodule.istio_crds.kustomization_resource.p0["apiextensions.k8s.io/CustomResourceDefinition/_/istiooperators.install.istio.io"]: Refreshing state... [id=8589b187-485e-4a3c-bda2-31f61ae57834][0m
[0m[1mmodule.istio_crds.kustomization_resource.p0["apiextensions.k8s.io/CustomResourceDefinition/_/proxyconfigs.networking.istio.io"]: Refreshing state... [id=6f238826-1a6f-4b08-93e4-956e4baa2f17][0m
[0m[1mmodule.istio_crds.kustomization_resource.p0["apiextensions.k8s.io/CustomResourceDefinition/_/workloadentries.networking.istio.io"]: Refreshing state... [id=b551fe14-4741-4208-b881-e00e4dd5601f][0m
[0m[1mmodule.istio_crds.kustomization_resource.p0["apiextensions.k8s.io/CustomResourceDefinition/_/requestauthentications.security.istio.io"]: Refreshing state... [id=730f8426-4c9d-46a1-89eb-ce6d9da3d2dc][0m
[0m[1mmodule.istio_crds.kustomization_resource.p0["apiextensions.k8s.io/CustomResourceDefinition/_/telemetries.telemetry.istio.io"]: Refreshing state... [id=63ee359a-70d0-4c67-8ed1-6c003ffd46a3][0m
[0m[1mmodule.istio_crds.kustomization_resource.p0["apiextensions.k8s.io/CustomResourceDefinition/_/virtualservices.networking.istio.io"]: Refreshing state... [id=dd750f51-db03-444e-a0a3-74927bf9072b][0m
[0m[1mmodule.istio_crds.kustomization_resource.p0["apiextensions.k8s.io/CustomResourceDefinition/_/authorizationpolicies.security.istio.io"]: Refreshing state... [id=abafb62a-43a4-4b58-acc0-1f240a2587e8][0m
[0m[1mmodule.istio_crds.kustomization_resource.p0["apiextensions.k8s.io/CustomResourceDefinition/_/destinationrules.networking.istio.io"]: Refreshing state... [id=dc9d26ba-5274-46cf-834a-3ebdb8a37801][0m
[0m[1mmodule.istio_crds.kustomization_resource.p0["apiextensions.k8s.io/CustomResourceDefinition/_/gateways.networking.istio.io"]: Refreshing state... [id=7e1af933-5c7d-40c2-9e2e-07e6ff838712][0m
[0m[1mmodule.istio_crds.kustomization_resource.p0["apiextensions.k8s.io/CustomResourceDefinition/_/workloadgroups.networking.istio.io"]: Refreshing state... [id=e9ee722f-b5df-4d13-b506-2f7eb153da9c][0m
[0m[1mmodule.istio_crds.kustomization_resource.p0["apiextensions.k8s.io/CustomResourceDefinition/_/sidecars.networking.istio.io"]: Refreshing state... [id=e0f6e62c-76f0-44b7-b505-02f2fb59a65c][0m
[0m[1mmodule.istio_crds.kustomization_resource.p0["apiextensions.k8s.io/CustomResourceDefinition/_/envoyfilters.networking.istio.io"]: Refreshing state... [id=ddc0fd50-8cc9-49d2-99ae-15ad2ac7b190][0m
[0m[1mmodule.istio_crds.kustomization_resource.p0["apiextensions.k8s.io/CustomResourceDefinition/_/wasmplugins.extensions.istio.io"]: Refreshing state... [id=5eb6490c-2bf1-409e-a246-9e97a24efb87][0m
[0m[1mmodule.istio_crds.kustomization_resource.p0["apiextensions.k8s.io/CustomResourceDefinition/_/peerauthentications.security.istio.io"]: Refreshing state... [id=48959ebe-c6f9-4707-9d8a-5e8100bb14fc][0m
[0m[1mmodule.istio_crds.kustomization_resource.p0["apiextensions.k8s.io/CustomResourceDefinition/_/serviceentries.networking.istio.io"]: Refreshing state... [id=930afb94-f89e-44f4-a12c-07b2d628b8e9][0m
[0m[1mmodule.istio_namespace.kustomization_resource.p0["_/Namespace/_/istio-system"]: Refreshing state... [id=0713715b-3544-4afc-a52a-d19a4c3a4d40][0m
[0m[1mmodule.istio_install.kustomization_resource.p1["_/ServiceAccount/istio-system/istio-reader-service-account"]: Refreshing state... [id=b0d85e6b-62a6-4de2-afcd-99a2afaa6e1a][0m
[0m[1mmodule.istio_install.kustomization_resource.p1["rbac.authorization.k8s.io/ClusterRole/_/istiod-gateway-controller-istio-system"]: Refreshing state... [id=a4dc961a-b8f5-49ca-9add-d7d6c3c4bbec][0m
[0m[1mmodule.istio_install.kustomization_resource.p1["rbac.authorization.k8s.io/RoleBinding/istio-system/istiod"]: Refreshing state... [id=ec47d1cb-1410-42bd-8ff8-020eb2f68858][0m
[0m[1mmodule.istio_install.kustomization_resource.p1["rbac.authorization.k8s.io/Role/istio-system/istiod-istio-system"]: Refreshing state... [id=525749db-8d28-4ab4-b055-24b9aac35da5][0m
[0m[1mmodule.istio_install.kustomization_resource.p1["_/ServiceAccount/istio-system/istiod"]: Refreshing state... [id=70c1d0c7-c024-49f1-85b5-6d9ff3e08270][0m
[0m[1mmodule.istio_install.kustomization_resource.p1["rbac.authorization.k8s.io/Role/istio-system/istiod"]: Refreshing state... [id=c48027b9-fc9e-49d6-b793-57c5fc9093e6][0m
[0m[1mmodule.istio_install.kustomization_resource.p1["_/ServiceAccount/istio-system/istiod-service-account"]: Refreshing state... [id=21e1cb9d-a0d9-4cc2-be54-cc6640f8eb04][0m
[0m[1mmodule.istio_install.kustomization_resource.p1["networking.istio.io/EnvoyFilter/istio-system/tcp-stats-filter-1.14"]: Refreshing state... [id=e2aac45e-2d75-42a5-9da0-a202b4dabc08][0m
[0m[1mmodule.istio_install.kustomization_resource.p1["rbac.authorization.k8s.io/ClusterRoleBinding/_/istiod-clusterrole-istio-system"]: Refreshing state... [id=9279c6f3-2127-4c87-a041-3a5a04a17137][0m
[0m[1mmodule.istio_install.kustomization_resource.p1["_/ConfigMap/istio-system/istio-sidecar-injector"]: Refreshing state... [id=27880261-5fd6-49db-9ddf-d16b94ba3269][0m
[0m[1mmodule.istio_install.kustomization_resource.p1["networking.istio.io/EnvoyFilter/istio-system/tcp-stats-filter-1.17"]: Refreshing state... [id=9f00c6c6-9279-4862-b812-3fe2b229fa1c][0m
[0m[1mmodule.istio_install.kustomization_resource.p1["networking.istio.io/EnvoyFilter/istio-system/stats-filter-1.14"]: Refreshing state... [id=4652f9fe-4d52-4a04-8510-8dae7ee659be][0m
[0m[1mmodule.istio_install.kustomization_resource.p1["security.istio.io/AuthorizationPolicy/istio-system/global-deny-all"]: Refreshing state... [id=526e540f-8bc2-4e53-b4bc-683fc29416ef][0m
[0m[1mmodule.istio_install.kustomization_resource.p1["networking.istio.io/EnvoyFilter/istio-system/stats-filter-1.15"]: Refreshing state... [id=19a334fb-f83b-4f4b-b3a5-76055e7974e2][0m
[0m[1mmodule.istio_install.kustomization_resource.p1["_/Service/istio-system/istiod"]: Refreshing state... [id=64da0adc-7f73-42de-bfd6-154090bf435b][0m
[0m[1mmodule.istio_install.kustomization_resource.p1["rbac.authorization.k8s.io/ClusterRole/_/istiod-clusterrole-istio-system"]: Refreshing state... [id=1368c671-eda2-421c-b431-4d18689f3043][0m
[0m[1mmodule.istio_install.kustomization_resource.p1["rbac.authorization.k8s.io/ClusterRoleBinding/_/istiod-istio-system"]: Refreshing state... [id=c4a1a146-31dd-4c8b-8d9a-2ae85dc9c904][0m
[0m[1mmodule.istio_install.kustomization_resource.p1["rbac.authorization.k8s.io/ClusterRoleBinding/_/istio-reader-istio-system"]: Refreshing state... [id=52e58fde-b3c3-40f3-a662-8112831a4c4e][0m
[0m[1mmodule.istio_install.kustomization_resource.p1["security.istio.io/AuthorizationPolicy/istio-system/istio-ingressgateway"]: Refreshing state... [id=7a98aae2-d0f5-44e4-926c-7964219a81c9][0m
[0m[1mmodule.istio_install.kustomization_resource.p1["rbac.authorization.k8s.io/RoleBinding/istio-system/istiod-istio-system"]: Refreshing state... [id=66e9974f-cf73-4c79-845f-c869d1118eba][0m
[0m[1mmodule.istio_install.kustomization_resource.p1["networking.istio.io/EnvoyFilter/istio-system/stats-filter-1.17"]: Refreshing state... [id=4565cf70-8e7d-4625-a18f-392b8a5cb3e0][0m
[0m[1mmodule.istio_install.kustomization_resource.p1["networking.istio.io/EnvoyFilter/istio-system/tcp-stats-filter-1.16"]: Refreshing state... [id=a4bf7248-bcde-4270-ade0-d8e42530487c][0m
[0m[1mmodule.istio_install.kustomization_resource.p1["rbac.authorization.k8s.io/ClusterRole/_/istiod-istio-system"]: Refreshing state... [id=da7a44bc-2868-40fd-ab03-92b67b0747b9][0m
[0m[1mmodule.istio_install.kustomization_resource.p1["networking.istio.io/Gateway/istio-system/istio-ingressgateway"]: Refreshing state... [id=ae1f923a-7db4-4234-9faf-f2d9b65450b2][0m
[0m[1mmodule.istio_install.kustomization_resource.p1["rbac.authorization.k8s.io/RoleBinding/istio-system/istio-ingressgateway-sds"]: Refreshing state... [id=99d1d631-732e-43e0-bb51-634c2666bf96][0m
[0m[1mmodule.istio_install.kustomization_resource.p1["autoscaling/HorizontalPodAutoscaler/istio-system/istiod"]: Refreshing state... [id=c79db232-ff34-4ea0-acd5-863edae59ffb][0m
[0m[1mmodule.istio_install.kustomization_resource.p1["networking.istio.io/EnvoyFilter/istio-system/stats-filter-1.16"]: Refreshing state... [id=2295114b-57ad-48e5-8cf3-acf9d241dfdc][0m
[0m[1mmodule.istio_install.kustomization_resource.p1["_/ServiceAccount/istio-system/istio-ingressgateway-service-account"]: Refreshing state... [id=fade529b-1d40-4b40-b964-a953ec53b7e4][0m
[0m[1mmodule.istio_install.kustomization_resource.p1["apps/Deployment/istio-system/istio-ingressgateway"]: Refreshing state... [id=ac6ae6e4-df42-4319-8d48-d89a7771775f][0m
[0m[1mmodule.istio_install.kustomization_resource.p1["rbac.authorization.k8s.io/ClusterRoleBinding/_/istio-reader-clusterrole-istio-system"]: Refreshing state... [id=767e579c-42ea-48ca-95cf-8aec283d231f][0m
[0m[1mmodule.istio_install.kustomization_resource.p1["apps/Deployment/istio-system/istiod"]: Refreshing state... [id=4e90c33f-3693-499b-b67e-d5369f6fd333][0m
[0m[1mmodule.istio_install.kustomization_resource.p1["_/ConfigMap/istio-system/istio"]: Refreshing state... [id=bc7f63b6-7788-4749-82ac-506ca7023e2f][0m
[0m[1mmodule.istio_install.kustomization_resource.p1["networking.istio.io/EnvoyFilter/istio-system/x-forwarded-host"]: Refreshing state... [id=70b4a2c9-ac5a-45cd-a198-692d6b05241e][0m
[0m[1mmodule.istio_install.kustomization_resource.p1["_/Service/istio-system/istio-ingressgateway"]: Refreshing state... [id=6afdd93e-ea9f-49be-ac34-fd5897cc78b4][0m
[0m[1mmodule.istio_install.kustomization_resource.p1["rbac.authorization.k8s.io/ClusterRole/_/istio-reader-clusterrole-istio-system"]: Refreshing state... [id=87554a0a-3390-43d3-8426-6a3b2fd75eef][0m
[0m[1mmodule.istio_install.kustomization_resource.p1["networking.istio.io/EnvoyFilter/istio-system/tcp-stats-filter-1.15"]: Refreshing state... [id=145147cb-aa11-4bb8-95ec-d5777917c93f][0m
[0m[1mmodule.istio_install.kustomization_resource.p1["rbac.authorization.k8s.io/Role/istio-system/istio-ingressgateway-sds"]: Refreshing state... [id=afed84a6-f7f5-4450-9706-4f4e96685f66][0m
[0m[1mmodule.istio_install.kustomization_resource.p1["autoscaling/HorizontalPodAutoscaler/istio-system/istio-ingressgateway"]: Refreshing state... [id=c611b76a-fe36-4b3d-a3a4-1baba2ff7e85][0m
[0m[1mmodule.istio_install.kustomization_resource.p1["networking.istio.io/EnvoyFilter/istio-system/tcp-stats-filter-1.13"]: Refreshing state... [id=f949cd95-bcde-44d6-af9d-6eeb74de7095][0m
[0m[1mmodule.istio_install.kustomization_resource.p1["networking.istio.io/EnvoyFilter/istio-system/stats-filter-1.13"]: Refreshing state... [id=f74b8d11-da8f-460b-87e1-fc2c7aec1d1c][0m
[0m[1mmodule.istio_install.kustomization_resource.p1["rbac.authorization.k8s.io/ClusterRole/_/istio-reader-istio-system"]: Refreshing state... [id=37689e51-0853-4d0d-890d-36d0a3d5be01][0m
[0m[1mmodule.istio_install.kustomization_resource.p1["rbac.authorization.k8s.io/ClusterRoleBinding/_/istiod-gateway-controller-istio-system"]: Refreshing state... [id=26a40eed-e984-4af1-b698-643b891d65bb][0m
[0m[1mmodule.istio_install.kustomization_resource.p2["admissionregistration.k8s.io/ValidatingWebhookConfiguration/_/istio-validator-istio-system"]: Refreshing state... [id=f0c644b1-62cd-4e8e-aa56-bdedbf41c4fe][0m
[0m[1mmodule.istio_install.kustomization_resource.p2["admissionregistration.k8s.io/MutatingWebhookConfiguration/_/istio-sidecar-injector"]: Refreshing state... [id=5af9b196-877a-4a64-a1f1-4c58db4164a8][0m
[0m[1mmodule.oidc_authservice.kustomization_resource.p1["_/Service/istio-system/authservice"]: Refreshing state... [id=c7a95fb0-8174-4366-84e5-40e92e22336b][0m
[0m[1mmodule.oidc_authservice.kustomization_resource.p1["_/ServiceAccount/istio-system/authservice"]: Refreshing state... [id=5252de7c-c9cd-4034-bbde-06f8d2ec151c][0m
[0m[1mmodule.oidc_authservice.kustomization_resource.p1["apps/StatefulSet/istio-system/oidc-authservice"]: Refreshing state... [id=875a105e-8d33-4906-b0f0-4fa49848d76b][0m
[0m[1mmodule.oidc_authservice.kustomization_resource.p1["rbac.authorization.k8s.io/ClusterRoleBinding/_/authn-delegators"]: Refreshing state... [id=da4e4c13-de01-41d8-97d3-59a919907384][0m
[0m[1mmodule.oidc_authservice.kustomization_resource.p1["_/Secret/istio-system/oidc-authservice-client"]: Refreshing state... [id=f97f5bb5-8ee9-455a-9755-e32ac66af3a6][0m
[0m[1mmodule.oidc_authservice.kustomization_resource.p1["networking.istio.io/EnvoyFilter/istio-system/authn-filter"]: Refreshing state... [id=9830983d-f371-43e1-807b-fe531e65de22][0m
[0m[1mmodule.oidc_authservice.kustomization_resource.p1["_/PersistentVolumeClaim/istio-system/authservice-pvc"]: Refreshing state... [id=45f109bb-41cf-486c-acd1-2473c2b4c552][0m
[0m[1mmodule.oidc_authservice.kustomization_resource.p1["_/ConfigMap/istio-system/oidc-authservice-parameters"]: Refreshing state... [id=ab3f559b-c658-45ad-bf0a-bcc5c6267d2f][0m
[0m[1mmodule.oidc_authservice.kustomization_resource.p1["rbac.authorization.k8s.io/ClusterRole/_/authn-delegator"]: Refreshing state... [id=e45f328d-cabd-497a-ae0b-ffb33cb229fb][0m
[0m[1mmodule.dex.kustomization_resource.p0["apiextensions.k8s.io/CustomResourceDefinition/_/authcodes.dex.coreos.com"]: Refreshing state... [id=cf240519-a810-4847-b44e-380296085c38][0m
[0m[1mmodule.dex.kustomization_resource.p0["_/Namespace/_/auth"]: Refreshing state... [id=a7d292b2-01bb-44cf-8dd1-3af6de02eb63][0m
[0m[1mmodule.dex.kustomization_resource.p1["apps/Deployment/auth/dex"]: Refreshing state... [id=92ea5d32-a423-4bf0-9cd1-9b5935975107][0m
[0m[1mmodule.dex.kustomization_resource.p1["networking.istio.io/VirtualService/auth/dex"]: Refreshing state... [id=99c4d5a9-a5bc-4e84-8af5-4c7e9d84915b][0m
[0m[1mmodule.dex.kustomization_resource.p1["_/Secret/auth/dex-oidc-client"]: Refreshing state... [id=42f8a9ca-1349-4c60-9ae3-1c870eaacd12][0m
[0m[1mmodule.dex.kustomization_resource.p1["rbac.authorization.k8s.io/ClusterRole/_/dex"]: Refreshing state... [id=80a983c5-cd92-46b4-aeb4-653b27e9e513][0m
[0m[1mmodule.dex.kustomization_resource.p1["_/ServiceAccount/auth/dex"]: Refreshing state... [id=891e6abb-f656-4fd1-bfc6-6cceecaaca4c][0m
[0m[1mmodule.dex.kustomization_resource.p1["_/ConfigMap/auth/dex"]: Refreshing state... [id=08aae9b0-e58b-4055-93ef-2cad3297e1d9][0m
[0m[1mmodule.dex.kustomization_resource.p1["rbac.authorization.k8s.io/ClusterRoleBinding/_/dex"]: Refreshing state... [id=cddd1287-e1b6-4f46-9e02-5db5dd132627][0m
[0m[1mmodule.dex.kustomization_resource.p1["_/Service/auth/dex"]: Refreshing state... [id=6965eb32-6178-498e-9f18-3f5e7b34137a][0m
[0m[1mmodule.kubeflow_namespace.kustomization_resource.p0["_/Namespace/_/kubeflow"]: Refreshing state... [id=0e3dd9b7-1a73-4896-8dde-fd0a53a13615][0m
[0m[1mmodule.kubeflow_roles.kustomization_resource.p1["rbac.authorization.k8s.io/ClusterRole/_/kubeflow-kubernetes-view"]: Refreshing state... [id=bed68285-afbf-4b01-a346-54b93e691a63][0m
[0m[1mmodule.kubeflow_roles.kustomization_resource.p1["rbac.authorization.k8s.io/ClusterRole/_/kubeflow-admin"]: Refreshing state... [id=1e1dfe40-f891-47a7-a72a-6815d2746d95][0m
[0m[1mmodule.kubeflow_roles.kustomization_resource.p1["rbac.authorization.k8s.io/ClusterRole/_/kubeflow-kubernetes-edit"]: Refreshing state... [id=f1723018-f55a-4fe6-9381-76c4da07a511][0m
[0m[1mmodule.kubeflow_roles.kustomization_resource.p1["rbac.authorization.k8s.io/ClusterRole/_/kubeflow-view"]: Refreshing state... [id=bf31fabd-fdf1-4e15-8960-c5453416a4e9][0m
[0m[1mmodule.kubeflow_roles.kustomization_resource.p1["rbac.authorization.k8s.io/ClusterRole/_/kubeflow-edit"]: Refreshing state... [id=8064eab3-994d-45cb-a9f5-eae861f7aa7a][0m
[0m[1mmodule.kubeflow_roles.kustomization_resource.p1["rbac.authorization.k8s.io/ClusterRole/_/kubeflow-kubernetes-admin"]: Refreshing state... [id=5c41e395-c14c-4c41-bb2b-da5357c9e74c][0m
[0m[1mmodule.kubeflow_istio_resources.kustomization_resource.p1["rbac.authorization.k8s.io/ClusterRole/_/kubeflow-istio-edit"]: Refreshing state... [id=a38ae7a2-5221-411d-bc37-62fdc0e2afa9][0m
[0m[1mmodule.kubeflow_istio_resources.kustomization_resource.p1["networking.istio.io/Gateway/kubeflow/kubeflow-gateway"]: Refreshing state... [id=9e38593a-ed79-4427-9bc8-2dc0c669ec58][0m
[0m[1mmodule.kubeflow_istio_resources.kustomization_resource.p1["rbac.authorization.k8s.io/ClusterRole/_/kubeflow-istio-view"]: Refreshing state... [id=e8e3f5f6-c74e-46d1-800c-15b2b5145b05][0m
[0m[1mmodule.kubeflow_istio_resources.kustomization_resource.p1["rbac.authorization.k8s.io/ClusterRole/_/kubeflow-istio-admin"]: Refreshing state... [id=4db6b803-9aef-4743-baaf-02c5a87f697b][0m
[0m[1mmodule.central_dashboard.kustomization_resource.p1["apps/Deployment/kubeflow/centraldashboard"]: Refreshing state... [id=46ebd163-994d-420a-b977-595cb9415992][0m
[0m[1mmodule.central_dashboard.kustomization_resource.p1["rbac.authorization.k8s.io/Role/kubeflow/centraldashboard"]: Refreshing state... [id=acd7c67e-36da-4893-a860-3a1c66923799][0m
[0m[1mmodule.central_dashboard.kustomization_resource.p1["_/ServiceAccount/kubeflow/centraldashboard"]: Refreshing state... [id=31a65cc9-a29b-4c8e-8957-f2b2fc3f1796][0m
[0m[1mmodule.central_dashboard.kustomization_resource.p1["_/ConfigMap/kubeflow/centraldashboard-config"]: Refreshing state... [id=04881be4-5e39-4c44-ae63-4d50bf21835c][0m
[0m[1mmodule.central_dashboard.kustomization_resource.p1["rbac.authorization.k8s.io/ClusterRole/_/centraldashboard"]: Refreshing state... [id=f19f2a77-14b9-46d0-ba10-9a42d8c6955b][0m
[0m[1mmodule.central_dashboard.kustomization_resource.p1["rbac.authorization.k8s.io/RoleBinding/kubeflow/centraldashboard"]: Refreshing state... [id=57cff1b9-e1f1-433e-8df3-ec66c39f5a13][0m
[0m[1mmodule.central_dashboard.kustomization_resource.p1["rbac.authorization.k8s.io/ClusterRoleBinding/_/centraldashboard"]: Refreshing state... [id=fde35354-7c7f-49b0-b4ca-de1601a8a1ed][0m
[0m[1mmodule.central_dashboard.kustomization_resource.p1["networking.istio.io/VirtualService/kubeflow/centraldashboard"]: Refreshing state... [id=abfd46ef-33ff-4eec-92da-46291ba1facd][0m
[0m[1mmodule.central_dashboard.kustomization_resource.p1["_/Service/kubeflow/centraldashboard"]: Refreshing state... [id=42dfed6b-c54b-4bc5-b726-0ca6ec5d90fb][0m
[0m[1mmodule.central_dashboard.kustomization_resource.p1["_/ConfigMap/kubeflow/centraldashboard-parameters"]: Refreshing state... [id=67d8a2e3-07a0-41de-b9ed-9fd377dedbd9][0m
[0m[1mmodule.central_dashboard.kustomization_resource.p1["security.istio.io/AuthorizationPolicy/kubeflow/central-dashboard"]: Refreshing state... [id=5e939a81-e459-4504-8b68-39ecbba893ab][0m
[0m[1mmodule.admission_webhook.kustomization_resource.p0["apiextensions.k8s.io/CustomResourceDefinition/_/poddefaults.kubeflow.org"]: Refreshing state... [id=2440500f-b3ef-4c37-ab92-84424666ca96][0m
[0m[1mmodule.admission_webhook.kustomization_resource.p1["rbac.authorization.k8s.io/ClusterRole/_/admission-webhook-cluster-role"]: Refreshing state... [id=5142c24e-be4d-471c-8214-d78a46df480d][0m
[0m[1mmodule.admission_webhook.kustomization_resource.p1["rbac.authorization.k8s.io/ClusterRole/_/admission-webhook-kubeflow-poddefaults-view"]: Refreshing state... [id=f623381f-6ad1-43de-9ac3-5dd8577f2c28][0m
[0m[1mmodule.admission_webhook.kustomization_resource.p1["rbac.authorization.k8s.io/ClusterRoleBinding/_/admission-webhook-cluster-role-binding"]: Refreshing state... [id=8b6ee1a4-fab3-4f16-a54f-234ebc72354c][0m
[0m[1mmodule.admission_webhook.kustomization_resource.p1["rbac.authorization.k8s.io/ClusterRole/_/admission-webhook-kubeflow-poddefaults-edit"]: Refreshing state... [id=da55ef44-ff02-4767-9f51-ad6922cc5523][0m
[0m[1mmodule.admission_webhook.kustomization_resource.p1["rbac.authorization.k8s.io/ClusterRole/_/admission-webhook-kubeflow-poddefaults-admin"]: Refreshing state... [id=46bed05c-42a3-4354-aff2-400e2d9846cf][0m
[0m[1mmodule.admission_webhook.kustomization_resource.p1["_/Service/kubeflow/admission-webhook-service"]: Refreshing state... [id=46501280-bdda-497d-aa3a-a3d4f030c680][0m
[0m[1mmodule.admission_webhook.kustomization_resource.p1["_/ServiceAccount/kubeflow/admission-webhook-service-account"]: Refreshing state... [id=2665391b-b05c-44dd-98c9-b0a7f38a0ad5][0m
[0m[1mmodule.admission_webhook.kustomization_resource.p1["apps/Deployment/kubeflow/admission-webhook-deployment"]: Refreshing state... [id=eedec838-51f6-4e71-8c2a-ad7649b951d1][0m
[0m[1mmodule.admission_webhook.kustomization_resource.p1["cert-manager.io/Certificate/kubeflow/admission-webhook-cert"]: Refreshing state... [id=9f1f05fc-182b-4826-8907-ab83bcb67611][0m
[0m[1mmodule.admission_webhook.kustomization_resource.p1["cert-manager.io/Issuer/kubeflow/admission-webhook-selfsigned-issuer"]: Refreshing state... [id=6626f562-a866-4438-8664-fd9405c80b2e][0m
[0m[1mmodule.admission_webhook.kustomization_resource.p2["admissionregistration.k8s.io/MutatingWebhookConfiguration/_/admission-webhook-mutating-webhook-configuration"]: Refreshing state... [id=4ee550d4-56da-4d61-b356-c6bbecbe0c5c][0m
[0m[1mmodule.notebook_controller.kustomization_resource.p0["apiextensions.k8s.io/CustomResourceDefinition/_/notebooks.kubeflow.org"]: Refreshing state... [id=2784d718-d31d-488c-9df7-cb9b67220e19][0m
[0m[1mmodule.notebook_controller.kustomization_resource.p1["_/Service/kubeflow/notebook-controller-service"]: Refreshing state... [id=953fbbe8-5ca1-4780-9fdc-bc167126bdc8][0m
[0m[1mmodule.notebook_controller.kustomization_resource.p1["apps/Deployment/kubeflow/notebook-controller-deployment"]: Refreshing state... [id=7abe5d1c-d7d9-4813-b63f-3aec84f44331][0m
[0m[1mmodule.notebook_controller.kustomization_resource.p1["rbac.authorization.k8s.io/RoleBinding/kubeflow/notebook-controller-leader-election-rolebinding"]: Refreshing state... [id=51108881-004a-4340-b8f7-4daa75f57a15][0m
[0m[1mmodule.notebook_controller.kustomization_resource.p1["rbac.authorization.k8s.io/ClusterRole/_/notebook-controller-kubeflow-notebooks-view"]: Refreshing state... [id=8ab7ff09-08d6-4180-8ea8-c004833b243b][0m
[0m[1mmodule.notebook_controller.kustomization_resource.p1["_/ServiceAccount/kubeflow/notebook-controller-service-account"]: Refreshing state... [id=4f4cd135-1aca-44c7-94b2-f662eac4929c][0m
[0m[1mmodule.notebook_controller.kustomization_resource.p1["_/ConfigMap/kubeflow/notebook-controller-config-dm5b6dd458"]: Refreshing state... [id=9aefd1ca-bfe6-49aa-b867-580993fa1782][0m
[0m[1mmodule.notebook_controller.kustomization_resource.p1["rbac.authorization.k8s.io/ClusterRole/_/notebook-controller-kubeflow-notebooks-edit"]: Refreshing state... [id=c2dd818d-d502-423c-b4bb-57d7ff3f7bf1][0m
[0m[1mmodule.notebook_controller.kustomization_resource.p1["rbac.authorization.k8s.io/Role/kubeflow/notebook-controller-leader-election-role"]: Refreshing state... [id=12bd2364-86bc-4f85-993e-1bfe8c3cd665][0m
[0m[1mmodule.notebook_controller.kustomization_resource.p1["rbac.authorization.k8s.io/ClusterRole/_/notebook-controller-kubeflow-notebooks-admin"]: Refreshing state... [id=9b45bccf-5416-495b-a3e9-45a9ac37b25f][0m
[0m[1mmodule.notebook_controller.kustomization_resource.p1["rbac.authorization.k8s.io/ClusterRole/_/notebook-controller-role"]: Refreshing state... [id=2d2abdf9-b799-4427-b062-19cc68c8f0a1][0m
[0m[1mmodule.notebook_controller.kustomization_resource.p1["rbac.authorization.k8s.io/ClusterRoleBinding/_/notebook-controller-role-binding"]: Refreshing state... [id=9ee81f9c-042b-4691-a2a5-004e84035cfb][0m
[0m[1mmodule.jupyter_web_app.kustomization_resource.p1["_/ServiceAccount/kubeflow/jupyter-web-app-service-account"]: Refreshing state... [id=f28b89c1-be0b-4182-948d-fd4617991cf7][0m
[0m[1mmodule.jupyter_web_app.kustomization_resource.p1["networking.istio.io/VirtualService/kubeflow/jupyter-web-app-jupyter-web-app"]: Refreshing state... [id=90b6e65d-4704-4668-a937-668bedbf643a][0m
[0m[1mmodule.jupyter_web_app.kustomization_resource.p1["rbac.authorization.k8s.io/ClusterRole/_/jupyter-web-app-cluster-role"]: Refreshing state... [id=45548dfc-7376-47c0-bdea-8c79b2d865d4][0m
[0m[1mmodule.jupyter_web_app.kustomization_resource.p1["networking.istio.io/DestinationRule/kubeflow/jupyter-web-app"]: Refreshing state... [id=dd256bc3-1789-4d5f-8b1b-44fe9cbe75c3][0m
[0m[1mmodule.jupyter_web_app.kustomization_resource.p1["_/ConfigMap/kubeflow/jupyter-web-app-logos"]: Refreshing state... [id=2c2a0fe9-0e73-45f3-a8de-5de49e475fd4][0m
[0m[1mmodule.jupyter_web_app.kustomization_resource.p1["rbac.authorization.k8s.io/ClusterRoleBinding/_/jupyter-web-app-cluster-role-binding"]: Refreshing state... [id=1c465d6c-42a0-46e2-90e6-4c6789ffeaf6][0m
[0m[1mmodule.jupyter_web_app.kustomization_resource.p1["apps/Deployment/kubeflow/jupyter-web-app-deployment"]: Refreshing state... [id=ce2283df-3d38-467d-82eb-4a01f069e54e][0m
[0m[1mmodule.jupyter_web_app.kustomization_resource.p1["rbac.authorization.k8s.io/ClusterRole/_/jupyter-web-app-kubeflow-notebook-ui-view"]: Refreshing state... [id=5dd1e37e-21a7-4b2a-a10e-e497ed4f121c][0m
[0m[1mmodule.jupyter_web_app.kustomization_resource.p1["_/ConfigMap/kubeflow/jupyter-web-app-config-h4bh7454m6"]: Refreshing state... [id=96b79405-a5c9-448e-b3ef-b8c252992c73][0m
[0m[1mmodule.jupyter_web_app.kustomization_resource.p1["_/Service/kubeflow/jupyter-web-app-service"]: Refreshing state... [id=0eba09b6-bedc-4990-932f-2cce8c568416][0m
[0m[1mmodule.jupyter_web_app.kustomization_resource.p1["security.istio.io/AuthorizationPolicy/kubeflow/jupyter-web-app"]: Refreshing state... [id=fbd01181-5c1f-46a8-a084-c0120a0af29c][0m
[0m[1mmodule.jupyter_web_app.kustomization_resource.p1["rbac.authorization.k8s.io/Role/kubeflow/jupyter-web-app-jupyter-notebook-role"]: Refreshing state... [id=ac7a6f6f-5333-4e33-aa67-5e79970f68eb][0m
[0m[1mmodule.jupyter_web_app.kustomization_resource.p1["rbac.authorization.k8s.io/RoleBinding/kubeflow/jupyter-web-app-jupyter-notebook-role-binding"]: Refreshing state... [id=1bfa3e20-2a21-493e-ae59-5ace6088f9fc][0m
[0m[1mmodule.jupyter_web_app.kustomization_resource.p1["rbac.authorization.k8s.io/ClusterRole/_/jupyter-web-app-kubeflow-notebook-ui-edit"]: Refreshing state... [id=f142dd7e-226e-4644-9575-ef80cb6beb11][0m
[0m[1mmodule.jupyter_web_app.kustomization_resource.p1["_/ConfigMap/kubeflow/jupyter-web-app-parameters-42k97gcbmb"]: Refreshing state... [id=a88e93c0-1b13-4367-9f3f-062bf8a5661a][0m
[0m[1mmodule.jupyter_web_app.kustomization_resource.p1["rbac.authorization.k8s.io/ClusterRole/_/jupyter-web-app-kubeflow-notebook-ui-admin"]: Refreshing state... [id=6f6c48e6-dd9e-4207-af8f-f66f23cdded8][0m
[0m[1mmodule.pvc_viewer_controller.kustomization_resource.p0["apiextensions.k8s.io/CustomResourceDefinition/_/pvcviewers.kubeflow.org"]: Refreshing state... [id=3276a2cb-5436-4c14-a5b2-021ec030f5e5][0m
[0m[1mmodule.pvc_viewer_controller.kustomization_resource.p1["_/ServiceAccount/kubeflow/pvcviewer-controller-manager"]: Refreshing state... [id=7cac5528-a4df-422d-9a28-2fc016d44d82][0m
[0m[1mmodule.pvc_viewer_controller.kustomization_resource.p1["rbac.authorization.k8s.io/ClusterRole/_/pvcviewer-metrics-reader"]: Refreshing state... [id=9008f434-64a8-4fb2-8b49-f2a18094ad9e][0m
[0m[1mmodule.pvc_viewer_controller.kustomization_resource.p1["rbac.authorization.k8s.io/ClusterRole/_/pvcviewer-proxy-role"]: Refreshing state... [id=0f310906-87df-4800-a320-c2baa6ea0594][0m
[0m[1mmodule.pvc_viewer_controller.kustomization_resource.p1["rbac.authorization.k8s.io/ClusterRole/_/pvcviewer-role"]: Refreshing state... [id=3eb503e9-c1bc-437b-af8b-06005dfc6cc0][0m
[0m[1mmodule.pvc_viewer_controller.kustomization_resource.p1["apps/Deployment/kubeflow/pvcviewer-controller-manager"]: Refreshing state... [id=2baa0a46-9ef1-4000-aa9f-d412198cec6a][0m
[0m[1mmodule.pvc_viewer_controller.kustomization_resource.p1["_/Service/kubeflow/pvcviewer-webhook-service"]: Refreshing state... [id=9e529420-946e-4d18-8d65-d8ae26ecde11][0m
[0m[1mmodule.pvc_viewer_controller.kustomization_resource.p1["rbac.authorization.k8s.io/ClusterRoleBinding/_/pvcviewer-proxy-rolebinding"]: Refreshing state... [id=535ff231-a67a-4b96-9169-d1fa8bcb211c][0m
[0m[1mmodule.pvc_viewer_controller.kustomization_resource.p1["rbac.authorization.k8s.io/ClusterRoleBinding/_/pvcviewer-manager-rolebinding"]: Refreshing state... [id=f6ea610b-a7c0-4d22-ad78-7d5f78d60fee][0m
[0m[1mmodule.pvc_viewer_controller.kustomization_resource.p1["cert-manager.io/Issuer/kubeflow/pvcviewer-selfsigned-issuer"]: Refreshing state... [id=4140afb9-0cc5-426e-b593-3618cf31041c][0m
[0m[1mmodule.pvc_viewer_controller.kustomization_resource.p1["rbac.authorization.k8s.io/RoleBinding/kubeflow/pvcviewer-leader-election-rolebinding"]: Refreshing state... [id=3410e229-b66b-4cde-bc3a-bd1007ce3b47][0m
[0m[1mmodule.pvc_viewer_controller.kustomization_resource.p1["rbac.authorization.k8s.io/Role/kubeflow/pvcviewer-leader-election-role"]: Refreshing state... [id=174ea4c3-a178-427a-ba9e-4119f8f7c971][0m
[0m[1mmodule.pvc_viewer_controller.kustomization_resource.p1["_/Service/kubeflow/pvcviewer-controller-manager-metrics-service"]: Refreshing state... [id=65f011b9-857d-425f-bae7-fd84d705ecba][0m
[0m[1mmodule.pvc_viewer_controller.kustomization_resource.p1["cert-manager.io/Certificate/kubeflow/pvcviewer-serving-cert"]: Refreshing state... [id=c1db810a-e2c1-4826-b246-e4b4a0490357][0m
[0m[1mmodule.pvc_viewer_controller.kustomization_resource.p2["admissionregistration.k8s.io/MutatingWebhookConfiguration/_/pvcviewer-mutating-webhook-configuration"]: Refreshing state... [id=da37c535-7ed4-4a49-991c-25afe12f2778][0m
[0m[1mmodule.pvc_viewer_controller.kustomization_resource.p2["admissionregistration.k8s.io/ValidatingWebhookConfiguration/_/pvcviewer-validating-webhook-configuration"]: Refreshing state... [id=a2edf777-48b1-4938-a07b-2fdb79f99843][0m
[0m[1mmodule.profiles_kfam.kustomization_resource.p0["apiextensions.k8s.io/CustomResourceDefinition/_/profiles.kubeflow.org"]: Refreshing state... [id=cbba25e2-a7b4-4fb3-80b2-6c932def98f6][0m
[0m[1mmodule.profiles_kfam.kustomization_resource.p1["_/Service/kubeflow/profiles-kfam"]: Refreshing state... [id=3890c82e-00ff-4f04-a1b0-7264ea02d9a6][0m
[0m[1mmodule.profiles_kfam.kustomization_resource.p1["rbac.authorization.k8s.io/Role/kubeflow/profiles-leader-election-role"]: Refreshing state... [id=ad82f90e-5f2e-4b35-a83e-61f55198bc01][0m
[0m[1mmodule.profiles_kfam.kustomization_resource.p1["_/ConfigMap/kubeflow/profiles-config-46c7tgh6fd"]: Refreshing state... [id=7bfbf3c9-c700-455e-b8f9-b5b902efb5c9][0m
[0m[1mmodule.profiles_kfam.kustomization_resource.p1["_/ConfigMap/kubeflow/namespace-labels-data-4df5t8mdgf"]: Refreshing state... [id=9019b7e9-525c-44b9-a40e-185e07143d30][0m
[0m[1mmodule.profiles_kfam.kustomization_resource.p1["_/ServiceAccount/kubeflow/profiles-controller-service-account"]: Refreshing state... [id=66ecdcbb-6701-4583-8c5d-38ae8706ff54][0m
[0m[1mmodule.profiles_kfam.kustomization_resource.p1["rbac.authorization.k8s.io/ClusterRoleBinding/_/profiles-cluster-rolebinding"]: Refreshing state... [id=6799b4a5-5e46-4350-b232-738b34e7c47e][0m
[0m[1mmodule.profiles_kfam.kustomization_resource.p1["apps/Deployment/kubeflow/profiles-deployment"]: Refreshing state... [id=195d0d8e-a7e3-4adf-93a2-c0ad395a2faa][0m
[0m[1mmodule.profiles_kfam.kustomization_resource.p1["networking.istio.io/VirtualService/kubeflow/profiles-kfam"]: Refreshing state... [id=f36e64b1-0d0a-4728-8a86-1b1447d0dcc2][0m
[0m[1mmodule.profiles_kfam.kustomization_resource.p1["rbac.authorization.k8s.io/RoleBinding/kubeflow/profiles-leader-election-rolebinding"]: Refreshing state... [id=8d56ff70-076d-49e4-8a99-76b2a5185bb8][0m
[0m[1mmodule.profiles_kfam.kustomization_resource.p1["security.istio.io/AuthorizationPolicy/kubeflow/profiles-kfam"]: Refreshing state... [id=3f3f8e29-6b83-4389-9c19-bdf50fb3fe7f][0m
[0m[1mmodule.volumes_web_app.kustomization_resource.p1["rbac.authorization.k8s.io/ClusterRole/_/volumes-web-app-cluster-role"]: Refreshing state... [id=425afa0f-1220-4300-8d84-9a121289fc86][0m
[0m[1mmodule.volumes_web_app.kustomization_resource.p1["networking.istio.io/VirtualService/kubeflow/volumes-web-app-volumes-web-app"]: Refreshing state... [id=4325b6db-c721-46c5-bc97-ab864e134bc3][0m
[0m[1mmodule.volumes_web_app.kustomization_resource.p1["_/ConfigMap/kubeflow/volumes-web-app-viewer-spec-ck6bhh4bdm"]: Refreshing state... [id=d42a6472-bebd-497a-be98-2659986dcc07][0m
[0m[1mmodule.volumes_web_app.kustomization_resource.p1["networking.istio.io/DestinationRule/kubeflow/volumes-web-app"]: Refreshing state... [id=7a3f76db-2759-4cd5-b19a-4d55171810e7][0m
[0m[1mmodule.volumes_web_app.kustomization_resource.p1["rbac.authorization.k8s.io/ClusterRoleBinding/_/volumes-web-app-cluster-role-binding"]: Refreshing state... [id=a05c67f8-ac88-4ead-a702-ba06ef8a37e6][0m
[0m[1mmodule.volumes_web_app.kustomization_resource.p1["rbac.authorization.k8s.io/ClusterRole/_/volumes-web-app-kubeflow-volume-ui-view"]: Refreshing state... [id=af49bcd7-bab9-42ba-9cd3-a738e653fd25][0m
[0m[1mmodule.volumes_web_app.kustomization_resource.p1["_/Service/kubeflow/volumes-web-app-service"]: Refreshing state... [id=33b4d51d-554c-48c1-b712-82db82503c9b][0m
[0m[1mmodule.volumes_web_app.kustomization_resource.p1["rbac.authorization.k8s.io/ClusterRole/_/volumes-web-app-kubeflow-volume-ui-admin"]: Refreshing state... [id=cf7fc2c9-089b-4e56-90ad-76a152fee739][0m
[0m[1mmodule.volumes_web_app.kustomization_resource.p1["_/ConfigMap/kubeflow/volumes-web-app-parameters-57h65c44mg"]: Refreshing state... [id=221ebe66-f771-4ba3-972a-fc1bc8bf0477][0m
[0m[1mmodule.volumes_web_app.kustomization_resource.p1["_/ServiceAccount/kubeflow/volumes-web-app-service-account"]: Refreshing state... [id=77ed2ed9-faa6-4f81-b3dc-1fba9b9086c4][0m
[0m[1mmodule.volumes_web_app.kustomization_resource.p1["rbac.authorization.k8s.io/ClusterRole/_/volumes-web-app-kubeflow-volume-ui-edit"]: Refreshing state... [id=be284c96-cc69-42d8-9d4b-d020eda41957][0m
[0m[1mmodule.volumes_web_app.kustomization_resource.p1["security.istio.io/AuthorizationPolicy/kubeflow/volumes-web-app"]: Refreshing state... [id=81cd7164-fd86-4856-9f2a-1e0f2dea5ffe][0m
[0m[1mmodule.volumes_web_app.kustomization_resource.p1["apps/Deployment/kubeflow/volumes-web-app-deployment"]: Refreshing state... [id=ff8b876a-972e-44af-8761-37ca72a0cb81][0m
[0m[1mhelm_release.kuberay_operator: Refreshing state... [id=kuberay-operator][0m

Terraform used the selected providers to generate the following execution
plan. Resource actions are indicated with the following symbols:
  [33m~[0m update in-place[0m

Terraform will perform the following actions:

[1m  # module.istio_install.kustomization_resource.p1["apps/Deployment/istio-system/istiod"][0m will be updated in-place
[0m  [33m~[0m[0m resource "kustomization_resource" "p1" {
        id       = "4e90c33f-3693-499b-b67e-d5369f6fd333"
      [33m~[0m[0m manifest = jsonencode(
          [33m~[0m[0m {
              [33m~[0m[0m spec       = {
                  [33m~[0m[0m template = {
                      [33m~[0m[0m spec     = {
                          [33m~[0m[0m containers         = [
                              [33m~[0m[0m {
                                    name            = "discovery"
                                  [33m~[0m[0m resources       = {
                                      [33m~[0m[0m requests = {
                                          [33m~[0m[0m cpu    = "500m" [33m->[0m[0m "20m"
                                          [33m~[0m[0m memory = "2048Mi" [33m->[0m[0m "128Mi"
                                        }
                                    }
                                    [90m# (7 unchanged attributes hidden)[0m[0m
                                },
                            ]
                            [90m# (3 unchanged attributes hidden)[0m[0m
                        }
                        [90m# (1 unchanged attribute hidden)[0m[0m
                    }
                    [90m# (2 unchanged attributes hidden)[0m[0m
                }
                [90m# (3 unchanged attributes hidden)[0m[0m
            }
        )
        [90m# (1 unchanged attribute hidden)[0m[0m

        [90m# (1 unchanged block hidden)[0m[0m
    }

[1mPlan:[0m 0 to add, 1 to change, 0 to destroy.
[0m[0m[1mmodule.istio_install.kustomization_resource.p1["apps/Deployment/istio-system/istiod"]: Modifying... [id=4e90c33f-3693-499b-b67e-d5369f6fd333][0m[0m
[0m[1mmodule.istio_install.kustomization_resource.p1["apps/Deployment/istio-system/istiod"]: Still modifying... [id=4e90c33f-3693-499b-b67e-d5369f6fd333, 10s elapsed][0m[0m
[0m[1mmodule.istio_install.kustomization_resource.p1["apps/Deployment/istio-system/istiod"]: Modifications complete after 10s [id=4e90c33f-3693-499b-b67e-d5369f6fd333][0m
Releasing state lock. This may take a few moments...
[0m[1m[32m
Apply complete! Resources: 0 added, 1 changed, 0 destroyed.
[0m